# JRE version: OpenJDK Runtime Environment Temurin-17.0.9+9 (17.0.9+9) (build 17.0.9+9)
# Java VM: OpenJDK 64-Bit Server VM Temurin-17.0.9+9 (17.0.9+9, mixed mode, tiered, compressed oops, compressed class ptrs, g1 gc, windows-amd64)
GC Precious Log:
 CPUs: 8 total, 8 available
 Memory: 6022M
 Large Page Support: Disabled
 NUMA Support: Disabled
 Compressed Oops: Enabled (32-bit)
 Heap Region Size: 1M
 Heap Min Capacity: 8M
 Heap Initial Capacity: 96M
 Heap Max Capacity: 1506M
 Pre-touch: Disabled
 Parallel Workers: 8
 Concurrent Workers: 2
 Concurrent Refinement Workers: 8
 Periodic GC: Disabled
Heap:
 garbage-first heap   total 55296K, used 32119K [0x00000000a1e00000, 0x0000000100000000)
  region size 1024K, 20 young (20480K), 3 survivors (3072K)
 Metaspace       used 40753K, committed 41216K, reserved 1114112K
  class space    used 4626K, committed 4864K, reserved 1048576K
GC Heap History (20 events):
Event: 25.727 GC heap before
{Heap before GC invocations=4 (full 0):
 garbage-first heap   total 37888K, used 10182K [0x00000000a1e00000, 0x0000000100000000)
  region size 1024K, 5 young (5120K), 4 survivors (4096K)
 Metaspace       used 25853K, committed 26176K, reserved 1114112K
  class space    used 2860K, committed 3008K, reserved 1048576K
}
Event: 25.732 GC heap after
{Heap after GC invocations=5 (full 0):
 garbage-first heap   total 37888K, used 10271K [0x00000000a1e00000, 0x0000000100000000)
  region size 1024K, 1 young (1024K), 1 survivors (1024K)
 Metaspace       used 25853K, committed 26176K, reserved 1114112K
  class space    used 2860K, committed 3008K, reserved 1048576K
}
Event: 27.129 GC heap before
{Heap before GC invocations=5 (full 0):
 garbage-first heap   total 37888K, used 25631K [0x00000000a1e00000, 0x0000000100000000)
  region size 1024K, 16 young (16384K), 1 survivors (1024K)
 Metaspace       used 28756K, committed 29120K, reserved 1114112K
  class space    used 3315K, committed 3456K, reserved 1048576K
}
Event: 27.131 GC heap after
{Heap after GC invocations=6 (full 0):
 garbage-first heap   total 37888K, used 10865K [0x00000000a1e00000, 0x0000000100000000)
  region size 1024K, 2 young (2048K), 2 survivors (2048K)
 Metaspace       used 28756K, committed 29120K, reserved 1114112K
  class space    used 3315K, committed 3456K, reserved 1048576K
}
Event: 29.046 GC heap before
{Heap before GC invocations=6 (full 0):
 garbage-first heap   total 37888K, used 26225K [0x00000000a1e00000, 0x0000000100000000)
  region size 1024K, 17 young (17408K), 2 survivors (2048K)
 Metaspace       used 32981K, committed 33344K, reserved 1114112K
  class space    used 3809K, committed 3968K, reserved 1048576K
}
Event: 29.051 GC heap after
{Heap after GC invocations=7 (full 0):
 garbage-first heap   total 37888K, used 12595K [0x00000000a1e00000, 0x0000000100000000)
  region size 1024K, 3 young (3072K), 3 survivors (3072K)
 Metaspace       used 32981K, committed 33344K, reserved 1114112K
  class space    used 3809K, committed 3968K, reserved 1048576K
}
Event: 29.939 GC heap before
{Heap before GC invocations=7 (full 0):
 garbage-first heap   total 37888K, used 26931K [0x00000000a1e00000, 0x0000000100000000)
  region size 1024K, 17 young (17408K), 3 survivors (3072K)
 Metaspace       used 35270K, committed 35648K, reserved 1114112K
  class space    used 4111K, committed 4288K, reserved 1048576K
}
Event: 29.944 GC heap after
{Heap after GC invocations=8 (full 0):
 garbage-first heap   total 37888K, used 13361K [0x00000000a1e00000, 0x0000000100000000)
  region size 1024K, 1 young (1024K), 1 survivors (1024K)
 Metaspace       used 35270K, committed 35648K, reserved 1114112K
  class space    used 4111K, committed 4288K, reserved 1048576K
}
Event: 29.988 GC heap before
{Heap before GC invocations=8 (full 0):
 garbage-first heap   total 37888K, used 27697K [0x00000000a1e00000, 0x0000000100000000)
  region size 1024K, 15 young (15360K), 1 survivors (1024K)
 Metaspace       used 35270K, committed 35648K, reserved 1114112K
  class space    used 4111K, committed 4288K, reserved 1048576K
}
Event: 29.990 GC heap after
{Heap after GC invocations=9 (full 0):
 garbage-first heap   total 37888K, used 13542K [0x00000000a1e00000, 0x0000000100000000)
  region size 1024K, 1 young (1024K), 1 survivors (1024K)
 Metaspace       used 35270K, committed 35648K, reserved 1114112K
  class space    used 4111K, committed 4288K, reserved 1048576K
}
Event: 30.029 GC heap before
{Heap before GC invocations=9 (full 0):
 garbage-first heap   total 37888K, used 28902K [0x00000000a1e00000, 0x0000000100000000)
  region size 1024K, 16 young (16384K), 1 survivors (1024K)
 Metaspace       used 35270K, committed 35648K, reserved 1114112K
  class space    used 4111K, committed 4288K, reserved 1048576K
}
Event: 30.032 GC heap after
{Heap after GC invocations=10 (full 0):
 garbage-first heap   total 37888K, used 14061K [0x00000000a1e00000, 0x0000000100000000)
  region size 1024K, 2 young (2048K), 2 survivors (2048K)
 Metaspace       used 35270K, committed 35648K, reserved 1114112K
  class space    used 4111K, committed 4288K, reserved 1048576K
}
Event: 30.229 GC heap before
{Heap before GC invocations=10 (full 0):
 garbage-first heap   total 37888K, used 21229K [0x00000000a1e00000, 0x0000000100000000)
  region size 1024K, 10 young (10240K), 2 survivors (2048K)
 Metaspace       used 35658K, committed 35968K, reserved 1114112K
  class space    used 4146K, committed 4288K, reserved 1048576K
}
Event: 30.233 GC heap after
{Heap after GC invocations=11 (full 0):
 garbage-first heap   total 60416K, used 14365K [0x00000000a1e00000, 0x0000000100000000)
  region size 1024K, 2 young (2048K), 2 survivors (2048K)
 Metaspace       used 35658K, committed 35968K, reserved 1114112K
  class space    used 4146K, committed 4288K, reserved 1048576K
}
Event: 93.198 GC heap before
{Heap before GC invocations=12 (full 0):
 garbage-first heap   total 55296K, used 44061K [0x00000000a1e00000, 0x0000000100000000)
  region size 1024K, 31 young (31744K), 2 survivors (2048K)
 Metaspace       used 39627K, committed 40064K, reserved 1114112K
  class space    used 4608K, committed 4800K, reserved 1048576K
}
Event: 93.220 GC heap after
{Heap after GC invocations=13 (full 0):
 garbage-first heap   total 55296K, used 15529K [0x00000000a1e00000, 0x0000000100000000)
  region size 1024K, 3 young (3072K), 3 survivors (3072K)
 Metaspace       used 39627K, committed 40064K, reserved 1114112K
  class space    used 4608K, committed 4800K, reserved 1048576K
}
Event: 98.159 GC heap before
{Heap before GC invocations=13 (full 0):
 garbage-first heap   total 55296K, used 41129K [0x00000000a1e00000, 0x0000000100000000)
  region size 1024K, 29 young (29696K), 3 survivors (3072K)
 Metaspace       used 40220K, committed 40704K, reserved 1114112K
  class space    used 4615K, committed 4864K, reserved 1048576K
}
Event: 98.171 GC heap after
{Heap after GC invocations=14 (full 0):
 garbage-first heap   total 55296K, used 15795K [0x00000000a1e00000, 0x0000000100000000)
  region size 1024K, 3 young (3072K), 3 survivors (3072K)
 Metaspace       used 40220K, committed 40704K, reserved 1114112K
  class space    used 4615K, committed 4864K, reserved 1048576K
}
Event: 101.037 GC heap before
{Heap before GC invocations=14 (full 0):
 garbage-first heap   total 55296K, used 41395K [0x00000000a1e00000, 0x0000000100000000)
  region size 1024K, 29 young (29696K), 3 survivors (3072K)
 Metaspace       used 40570K, committed 41024K, reserved 1114112K
  class space    used 4626K, committed 4864K, reserved 1048576K
}
Event: 101.043 GC heap after
{Heap after GC invocations=15 (full 0):
 garbage-first heap   total 55296K, used 15735K [0x00000000a1e00000, 0x0000000100000000)
  region size 1024K, 3 young (3072K), 3 survivors (3072K)
 Metaspace       used 40570K, committed 41024K, reserved 1114112K
  class space    used 4626K, committed 4864K, reserved 1048576K
}

